<?xml version="1.0" encoding="UTF-8"?>
<!-- Generated by org.testng.reporters.JUnitXMLReporter -->
<testsuite hostname="LAPTOP-EUTQRU8P" ignored="1" name="GroupTest" tests="2" failures="0" timestamp="2021-04-12T10:21:51 IST" time="72.077" errors="0">
  <testcase name="OpenTestLeaf" time="44.453" classname="testknowledge.TestNGGroup"/>
  <testcase name="OpenWikipedia" time="27.36" classname="testknowledge.TestNGGroup"/>
  <testcase name="OpenIncomeTax" time="0.0" classname="testknowledge.TestNGGroup">
    <ignored/>
  </testcase> <!-- OpenIncomeTax -->
</testsuite> <!-- GroupTest -->
