<?xml version="1.0" encoding="UTF-8"?>
<!-- Generated by org.testng.reporters.JUnitXMLReporter -->
<testsuite hostname="LAPTOP-EUTQRU8P" ignored="0" name="SampleTest" tests="5" failures="0" timestamp="2021-04-12T12:31:18 IST" time="52.489" errors="0">
  <testcase name="SecondTC" time="0.014" classname="testknowledge.TestNGParallel"/>
  <testcase name="FirstTC" time="0.014" classname="testknowledge.TestNGParallel"/>
  <testcase name="ThirdTC" time="44.69" classname="testknowledge.TestNGParallel"/>
  <testcase name="FourthTC" time="0.509" classname="testknowledge.TestNGParallel"/>
  <testcase name="FifthTC" time="51.743" classname="testknowledge.TestNGParallel"/>
</testsuite> <!-- SampleTest -->
