<?xml version="1.0" encoding="UTF-8"?>
<!-- Generated by org.testng.reporters.JUnitXMLReporter -->
<testsuite hostname="LAPTOP-EUTQRU8P" ignored="0" name="Hands-on Test" tests="5" failures="0" timestamp="2021-05-01T10:33:17 IST" time="202.141" errors="0">
  <testcase name="OpenBrowserTxtBtnLnkImg" time="90.166" classname="testknowledge.ElementTxtBtnLnkImg"/>
  <testcase name="OpenBrowserRadioAndCheckBox" time="30.209" classname="testknowledge.ElementRdChk"/>
  <testcase name="OpenBrowserDragSelectSort" time="44.15" classname="testknowledge.ElementDragSelectSort"/>
  <testcase name="OpenBrowserAutoToolTip" time="22.21" classname="testknowledge.ElementAutoToolTipAlert"/>
  <testcase name="OpenBrowserWindowsAndFrames" time="10.283" classname="testknowledge.ElementWindowsFrames"/>
</testsuite> <!-- Hands-on Test -->
