<?xml version="1.0" encoding="UTF-8"?>
<!-- Generated by org.testng.reporters.JUnitXMLReporter -->
<testsuite hostname="LAPTOP-EUTQRU8P" ignored="0" name="POMTest" tests="3" failures="0" timestamp="2021-08-01T12:11:42 IST" time="0.084" errors="0">
  <testcase name="OpenGoogle" time="0.01" classname="seleniumHandsOn.TestNgEg"/>
  <testcase name="OpenGoogle" time="0.003" classname="seleniumHandsOn.TestNgEg"/>
  <testcase name="OpenGoogle" time="0.003" classname="seleniumHandsOn.TestNgEg"/>
</testsuite> <!-- POMTest -->
