<?xml version="1.0" encoding="UTF-8"?>
<testng-results skipped="0" failed="0" ignored="0" total="1" passed="1">
  <reporter-output>
  </reporter-output>
  <suite name="BrowSuite" duration-ms="27288" started-at="2021-08-30T19:06:22 IST" finished-at="2021-08-30T19:06:49 IST">
    <groups>
    </groups>
    <test name="BrowTest" duration-ms="27288" started-at="2021-08-30T19:06:22 IST" finished-at="2021-08-30T19:06:49 IST">
      <class name="seleniumHandsOn.HackerRankCode">
        <test-method status="PASS" signature="launch()[pri:0, instance:seleniumHandsOn.HackerRankCode@7f13d6e]" name="launch" is-config="true" duration-ms="7179" started-at="2021-08-30T19:06:22 IST" finished-at="2021-08-30T19:06:29 IST">
          <reporter-output>
          </reporter-output>
        </test-method> <!-- launch -->
        <test-method status="PASS" signature="googleSearch(java.lang.String, java.lang.String)[pri:0, instance:seleniumHandsOn.HackerRankCode@7f13d6e]" name="googleSearch" duration-ms="19154" started-at="2021-08-30T19:06:29 IST" finished-at="2021-08-30T19:06:48 IST">
          <params>
            <param index="0">
              <value>
                <![CDATA[https:google.co.in]]>
              </value>
            </param>
            <param index="1">
              <value>
                <![CDATA[Fresco Play]]>
              </value>
            </param>
          </params>
          <reporter-output>
          </reporter-output>
        </test-method> <!-- googleSearch -->
        <test-method status="PASS" signature="teardown()[pri:0, instance:seleniumHandsOn.HackerRankCode@7f13d6e]" name="teardown" is-config="true" duration-ms="879" started-at="2021-08-30T19:06:48 IST" finished-at="2021-08-30T19:06:49 IST">
          <reporter-output>
          </reporter-output>
        </test-method> <!-- teardown -->
      </class> <!-- seleniumHandsOn.HackerRankCode -->
    </test> <!-- BrowTest -->
  </suite> <!-- BrowSuite -->
</testng-results>
