<?xml version="1.0" encoding="UTF-8"?>
<!-- Generated by org.testng.reporters.JUnitXMLReporter -->
<testsuite hostname="LAPTOP-EUTQRU8P" ignored="0" name="Element Handling" tests="4" failures="0" timestamp="2021-05-22T17:34:31 IST" time="138.052" errors="0">
  <testcase name="OpenBrowser" time="84.132" classname="seleniumHandsOn.OpenSeleniumEasySite"/>
  <testcase name="InputForm" time="7.047" classname="seleniumHandsOn.OpenSeleniumEasySite"/>
  <testcase name="DropDown" time="3.979" classname="seleniumHandsOn.OpenSeleniumEasySite"/>
  <testcase name="JqueryDropDown" time="42.789" classname="seleniumHandsOn.OpenSeleniumEasySite"/>
</testsuite> <!-- Element Handling -->
